(THU.CST) os is loading ...

Special kernel symbols:
  entry  0xc010002a (phys)
  etext  0xc0106195 (phys)
  edata  0xc0117a36 (phys)
  end    0xc0118968 (phys)
Kernel executable memory footprint: 99KB
ebp:0xc0116f38 eip:0xc01009d0 args:0x0cb9c011 0x0094c010 0x00000001 0x6f680000 
    kern/debug/kdebug.c:309: print_stackframe+21
ebp:0xc0116f48 eip:0xc0100cb9 args:0x00bcc011 0x0000c010 0x00000000 0x00000000 
    kern/debug/kmonitor.c:129: mon_backtrace+10
ebp:0xc0116f68 eip:0xc01000bc args:0x00e5c011 0x0000c010 0x6f900000 0x0000c011 
    kern/init/init.c:49: grade_backtrace2+33
ebp:0xc0116f88 eip:0xc01000e5 args:0x0103c011 0x0000c010 0x00000000 0x6fb4ffff 
    kern/init/init.c:54: grade_backtrace1+38
ebp:0xc0116fa8 eip:0xc0100103 args:0x0128c011 0x0000c010 0x002a0000 0x0000c010 
    kern/init/init.c:59: grade_backtrace0+23
ebp:0xc0116fc8 eip:0xc0100128 args:0x007fc011 0x61bcc010 0x61a0c010 0x0f32c010 
    kern/init/init.c:64: grade_backtrace+34
ebp:0xc0116ff8 eip:0xc010007f args:0x00280000 0x0000c010 0x00000000 0xffff0000 
    kern/init/init.c:29: kern_init+84
ebp:0x00000000 eip:0xc0100028 args:0x00000000 0x00000000 0x00000000 0x00000000 
    kern/init/entry.S:27: <unknown>+0
ebp:0x00000000 eip:0x00000000 args:0x00000000 0x00000000 0x00000000 0x00000000 
    <unknow>: -- 0xffffffff --
ebp:0x00000000 eip:0x00000000 args:0x00000000 0x00000000 0x00000000 0x00000000 
    <unknow>: -- 0xffffffff --
ebp:0x00000000 eip:0x00000000 args:0x00000000 0x00000000 0x00000000 0x00000000 
    <unknow>: -- 0xffffffff --
ebp:0x00000000 eip:0x00000000 args:0x00000000 0x00000000 0x00000000 0x00000000 
    <unknow>: -- 0xffffffff --
ebp:0x00000000 eip:0x00000000 args:0x00000000 0x00000000 0x00000000 0x00000000 
    <unknow>: -- 0xffffffff --
ebp:0x00000000 eip:0x00000000 args:0x00000000 0x00000000 0x00000000 0x00000000 
    <unknow>: -- 0xffffffff --
ebp:0x00000000 eip:0x00000000 args:0x00000000 0x00000000 0x00000000 0x00000000 
    <unknow>: -- 0xffffffff --
ebp:0x00000000 eip:0x00000000 args:0x00000000 0x00000000 0x00000000 0x00000000 
    <unknow>: -- 0xffffffff --
ebp:0x00000000 eip:0x00000000 args:0x00000000 0x00000000 0x00000000 0x00000000 
    <unknow>: -- 0xffffffff --
ebp:0x00000000 eip:0x00000000 args:0x00000000 0x00000000 0x00000000 0x00000000 
    <unknow>: -- 0xffffffff --
ebp:0x00000000 eip:0x00000000 args:0x00000000 0x00000000 0x00000000 0x00000000 
    <unknow>: -- 0xffffffff --
ebp:0x00000000 eip:0x00000000 args:0x00000000 0x00000000 0x00000000 0x00000000 
    <unknow>: -- 0xffffffff --
memory management: default_pmm_manager
e820map:
  memory: 0009fc00, [00000000, 0009fbff], type = 1.
  memory: 00000400, [0009fc00, 0009ffff], type = 2.
  memory: 00010000, [000f0000, 000fffff], type = 2.
  memory: 07efe000, [00100000, 07ffdfff], type = 1.
  memory: 00002000, [07ffe000, 07ffffff], type = 2.
  memory: 00040000, [fffc0000, ffffffff], type = 2.
check_alloc_page() succeeded!
check_pgdir() succeeded!
check_boot_pgdir() succeeded!
-------------------- BEGIN --------------------
PDE(0e0) c0000000-f8000000 38000000 urw
  |-- PTE(38000) c0000000-f8000000 38000000 -rw
PDE(001) fac00000-fb000000 00400000 -rw
  |-- PTE(000e0) faf00000-fafe0000 000e0000 urw
  |-- PTE(00001) fafeb000-fafec000 00001000 -rw
--------------------- END ---------------------
++ setup timer interrupts
100 ticks
End of Test.
kernel panic at kern/trap/trap.c:18:
    EOT: kernel seems ok.
Welcome to the kernel debug monitor!!
Type 'help' for a list of commands.
