(THU.CST) os is loading ...

Special kernel symbols:
  entry  0xc010002a (phys)
  etext  0xc0108dc5 (phys)
  edata  0xc0120a68 (phys)
  end    0xc0121bb0 (phys)
Kernel executable memory footprint: 135KB
ebp:0xc011ff38 eip:0xc01009df args:0x0cc8c011 0x0094c010 0x00000001 0xff680000 
    kern/debug/kdebug.c:309: print_stackframe+21
ebp:0xc011ff48 eip:0xc0100cc8 args:0x00cbc011 0x0000c010 0x00000000 0x00000000 
    kern/debug/kmonitor.c:129: mon_backtrace+10
ebp:0xc011ff68 eip:0xc01000cb args:0x00f4c011 0x0000c010 0xff900000 0x0000c011 
    kern/init/init.c:57: grade_backtrace2+33
ebp:0xc011ff88 eip:0xc01000f4 args:0x0112c011 0x0000c010 0x00000000 0xffb4ffff 
    kern/init/init.c:62: grade_backtrace1+38
ebp:0xc011ffa8 eip:0xc0100112 args:0x0137c011 0x0000c010 0x002a0000 0x0000c010 
    kern/init/init.c:67: grade_backtrace0+23
ebp:0xc011ffc8 eip:0xc0100137 args:0x007fc011 0x8dfcc010 0x8de0c010 0x1148c010 
    kern/init/init.c:72: grade_backtrace+34
ebp:0xc011fff8 eip:0xc010007f args:0x00280000 0x0000c010 0x00000000 0xffff0000 
    kern/init/init.c:32: kern_init+84
ebp:0x00000000 eip:0xc0100028 args:0x00000000 0x00000000 0x00000000 0x00000000 
    kern/init/entry.S:27: <unknown>+0
ebp:0x00000000 eip:0x00000000 args:0x00000000 0x00000000 0x00000000 0x00000000 
    <unknow>: -- 0xffffffff --
ebp:0x00000000 eip:0x00000000 args:0x00000000 0x00000000 0x00000000 0x00000000 
    <unknow>: -- 0xffffffff --
ebp:0x00000000 eip:0x00000000 args:0x00000000 0x00000000 0x00000000 0x00000000 
    <unknow>: -- 0xffffffff --
ebp:0x00000000 eip:0x00000000 args:0x00000000 0x00000000 0x00000000 0x00000000 
    <unknow>: -- 0xffffffff --
ebp:0x00000000 eip:0x00000000 args:0x00000000 0x00000000 0x00000000 0x00000000 
    <unknow>: -- 0xffffffff --
ebp:0x00000000 eip:0x00000000 args:0x00000000 0x00000000 0x00000000 0x00000000 
    <unknow>: -- 0xffffffff --
ebp:0x00000000 eip:0x00000000 args:0x00000000 0x00000000 0x00000000 0x00000000 
    <unknow>: -- 0xffffffff --
ebp:0x00000000 eip:0x00000000 args:0x00000000 0x00000000 0x00000000 0x00000000 
    <unknow>: -- 0xffffffff --
ebp:0x00000000 eip:0x00000000 args:0x00000000 0x00000000 0x00000000 0x00000000 
    <unknow>: -- 0xffffffff --
ebp:0x00000000 eip:0x00000000 args:0x00000000 0x00000000 0x00000000 0x00000000 
    <unknow>: -- 0xffffffff --
ebp:0x00000000 eip:0x00000000 args:0x00000000 0x00000000 0x00000000 0x00000000 
    <unknow>: -- 0xffffffff --
ebp:0x00000000 eip:0x00000000 args:0x00000000 0x00000000 0x00000000 0x00000000 
    <unknow>: -- 0xffffffff --
memory management: default_pmm_manager
e820map:
  memory: 0009fc00, [00000000, 0009fbff], type = 1.
  memory: 00000400, [0009fc00, 0009ffff], type = 2.
  memory: 00010000, [000f0000, 000fffff], type = 2.
  memory: 07efe000, [00100000, 07ffdfff], type = 1.
  memory: 00002000, [07ffe000, 07ffffff], type = 2.
  memory: 00040000, [fffc0000, ffffffff], type = 2.
check_alloc_page() succeeded!
check_pgdir() succeeded!
check_boot_pgdir() succeeded!
-------------------- BEGIN --------------------
PDE(0e0) c0000000-f8000000 38000000 urw
  |-- PTE(38000) c0000000-f8000000 38000000 -rw
PDE(001) fac00000-fb000000 00400000 -rw
  |-- PTE(000e0) faf00000-fafe0000 000e0000 urw
  |-- PTE(00001) fafeb000-fafec000 00001000 -rw
--------------------- END ---------------------
check_vma_struct() succeeded!
page fault at 0x00000100: K/W [no page found].
check_pgfault() succeeded!
check_vmm() succeeded.
ide 0:      10000(sectors), 'QEMU HARDDISK'.
ide 1:     262144(sectors), 'QEMU HARDDISK'.
SWAP: manager = fifo swap manager
BEGIN check_swap: count 31995, total 31995
setup Page Table for vaddr 0X1000, so alloc a page
setup Page Table vaddr 0~4MB OVER!
set up init env for check_swap begin!
page fault at 0x00001000: K/W [no page found].
page fault at 0x00002000: K/W [no page found].
page fault at 0x00003000: K/W [no page found].
page fault at 0x00004000: K/W [no page found].
set up init env for check_swap over!
write Virt Page c in fifo_check_swap
write Virt Page a in fifo_check_swap
write Virt Page d in fifo_check_swap
write Virt Page b in fifo_check_swap
write Virt Page e in fifo_check_swap
page fault at 0x00005000: K/W [no page found].
swap_out: i 0, store page in vaddr 0x1000 to disk swap entry 2
write Virt Page b in fifo_check_swap
write Virt Page a in fifo_check_swap
page fault at 0x00001000: K/W [no page found].
swap_out: i 0, store page in vaddr 0x2000 to disk swap entry 3
swap_in: load disk swap entry 2 with swap_page in vadr 0x1000
write Virt Page b in fifo_check_swap
page fault at 0x00002000: K/W [no page found].
swap_out: i 0, store page in vaddr 0x3000 to disk swap entry 4
swap_in: load disk swap entry 3 with swap_page in vadr 0x2000
write Virt Page c in fifo_check_swap
page fault at 0x00003000: K/W [no page found].
swap_out: i 0, store page in vaddr 0x4000 to disk swap entry 5
swap_in: load disk swap entry 4 with swap_page in vadr 0x3000
write Virt Page d in fifo_check_swap
page fault at 0x00004000: K/W [no page found].
swap_out: i 0, store page in vaddr 0x5000 to disk swap entry 6
swap_in: load disk swap entry 5 with swap_page in vadr 0x4000
count is 7, total is 7
check_swap() succeeded!
++ setup timer interrupts
100 ticks
End of Test.
kernel panic at kern/trap/trap.c:20:
    EOT: kernel seems ok.
Welcome to the kernel debug monitor!!
Type 'help' for a list of commands.
K> 